<?xml version="1.0" encoding="UTF-8"?>
<testsuites tests="4" failures="0" disabled="0" errors="0" timestamp="2024-07-09T07:16:58" time="0.508" name="AllTests">
  <testsuite name="SerialTests" tests="4" failures="0" disabled="0" errors="0" time="0.508">
    <testcase name="readWorks" status="run" time="0.003" classname="SerialTests" />
    <testcase name="writeWorks" status="run" time="0.002" classname="SerialTests" />
    <testcase name="timeoutWorks" status="run" time="0.251" classname="SerialTests" />
    <testcase name="partialRead" status="run" time="0.252" classname="SerialTests" />
  </testsuite>
</testsuites>
